This is pdfTeX, Version 3.141592653-2.6-1.40.27 (TeX Live 2026/dev/Arch Linux) (preloaded format=pdflatex 2025.9.23)  23 SEP 2025 21:55
entering extended mode
 restricted \write18 enabled.
 file:line:error style messages enabled.
 %&-line parsing enabled.
**/home/gabrielaquino/Documents/docker-workspace/docker-latex/Projects/ICP225-Computação-II/ICP225-Slides/sample.tex
(/home/gabrielaquino/Documents/docker-workspace/docker-latex/Projects/ICP225-Computação-II/ICP225-Slides/sample.tex
LaTeX2e <2024-11-01> patch level 2
L3 programming layer <2025-01-18>
(/usr/share/texmf-dist/tex/latex/beamer/beamer.cls
Document Class: beamer 2025/02/04 v3.72 A class for typesetting presentations
(/usr/share/texmf-dist/tex/latex/beamer/beamerbasemodes.sty (/usr/share/texmf-dist/tex/latex/etoolbox/etoolbox.sty
Package: etoolbox 2025/02/11 v2.5l e-TeX tools for LaTeX (JAW)
\etb@tempcnta=\count196
)
\beamer@tempbox=\box52
\beamer@tempcount=\count197
\c@beamerpauses=\count198
 (/usr/share/texmf-dist/tex/latex/beamer/beamerbasedecode.sty
\beamer@slideinframe=\count199
\beamer@minimum=\count266
\beamer@decode@box=\box53
)
\beamer@commentbox=\box54
\beamer@modecount=\count267
) (/usr/share/texmf-dist/tex/generic/iftex/iftex.sty
Package: iftex 2024/12/12 v1.0g TeX engine tests
)
\headdp=\dimen141
\footheight=\dimen142
\sidebarheight=\dimen143
\beamer@tempdim=\dimen144
\beamer@finalheight=\dimen145
\beamer@animht=\dimen146
\beamer@animdp=\dimen147
\beamer@animwd=\dimen148
\beamer@leftmargin=\dimen149
\beamer@rightmargin=\dimen150
\beamer@leftsidebar=\dimen151
\beamer@rightsidebar=\dimen152
\beamer@boxsize=\dimen153
\beamer@vboxoffset=\dimen154
\beamer@descdefault=\dimen155
\beamer@descriptionwidth=\dimen156
\beamer@lastskip=\skip49
\beamer@areabox=\box55
\beamer@animcurrent=\box56
\beamer@animshowbox=\box57
\beamer@sectionbox=\box58
\beamer@logobox=\box59
\beamer@linebox=\box60
\beamer@sectioncount=\count268
\beamer@subsubsectionmax=\count269
\beamer@subsectionmax=\count270
\beamer@sectionmax=\count271
\beamer@totalheads=\count272
\beamer@headcounter=\count273
\beamer@partstartpage=\count274
\beamer@sectionstartpage=\count275
\beamer@subsectionstartpage=\count276
\beamer@animationtempa=\count277
\beamer@animationtempb=\count278
\beamer@xpos=\count279
\beamer@ypos=\count280
\beamer@ypos@offset=\count281
\beamer@showpartnumber=\count282
\beamer@currentsubsection=\count283
\beamer@coveringdepth=\count284
\beamer@sectionadjust=\count285
\beamer@toclastsection=\count286
\beamer@tocsectionnumber=\count287
 (/usr/share/texmf-dist/tex/latex/beamer/beamerbaseoptions.sty (/usr/share/texmf-dist/tex/latex/graphics/keyval.sty
Package: keyval 2022/05/29 v1.15 key=value parser (DPC)
\KV@toks@=\toks17
))
\beamer@paperwidth=\skip50
\beamer@paperheight=\skip51
 (/usr/share/texmf-dist/tex/latex/geometry/geometry.sty
Package: geometry 2020/01/02 v5.9 Page Geometry
 (/usr/share/texmf-dist/tex/generic/iftex/ifvtex.sty
Package: ifvtex 2019/10/25 v1.7 ifvtex legacy package. Use iftex instead.
)
\Gm@cnth=\count288
\Gm@cntv=\count289
\c@Gm@tempcnt=\count290
\Gm@bindingoffset=\dimen157
\Gm@wd@mp=\dimen158
\Gm@odd@mp=\dimen159
\Gm@even@mp=\dimen160
\Gm@layoutwidth=\dimen161
\Gm@layoutheight=\dimen162
\Gm@layouthoffset=\dimen163
\Gm@layoutvoffset=\dimen164
\Gm@dimlist=\toks18
) (/usr/share/texmf-dist/tex/latex/pgf/math/pgfmath.sty (/usr/share/texmf-dist/tex/latex/pgf/utilities/pgfrcs.sty (/usr/share/texmf-dist/tex/generic/pgf/utilities/pgfutil-common.tex
\pgfutil@everybye=\toks19
\pgfutil@tempdima=\dimen165
\pgfutil@tempdimb=\dimen166
) (/usr/share/texmf-dist/tex/generic/pgf/utilities/pgfutil-latex.def
\pgfutil@abb=\box61
) (/usr/share/texmf-dist/tex/generic/pgf/utilities/pgfrcs.code.tex (/usr/share/texmf-dist/tex/generic/pgf/pgf.revision.tex)
Package: pgfrcs 2023-01-15 v3.1.10 (3.1.10)
)) (/usr/share/texmf-dist/tex/latex/pgf/utilities/pgfkeys.sty (/usr/share/texmf-dist/tex/generic/pgf/utilities/pgfkeys.code.tex
\pgfkeys@pathtoks=\toks20
\pgfkeys@temptoks=\toks21
 (/usr/share/texmf-dist/tex/generic/pgf/utilities/pgfkeyslibraryfiltered.code.tex
\pgfkeys@tmptoks=\toks22
))) (/usr/share/texmf-dist/tex/generic/pgf/math/pgfmath.code.tex (/usr/share/texmf-dist/tex/generic/pgf/math/pgfmathutil.code.tex
\pgf@x=\dimen167
\pgf@xa=\dimen168
\pgf@xb=\dimen169
\pgf@xc=\dimen170
\pgf@y=\dimen171
\pgf@ya=\dimen172
\pgf@yb=\dimen173
\pgf@yc=\dimen174
\c@pgf@counta=\count291
\c@pgf@countb=\count292
\c@pgf@countc=\count293
\c@pgf@countd=\count294
) (/usr/share/texmf-dist/tex/generic/pgf/math/pgfmathparser.code.tex
\pgfmath@dimen=\dimen175
\pgfmath@count=\count295
\pgfmath@box=\box62
\pgfmath@toks=\toks23
\pgfmath@stack@operand=\toks24
\pgfmath@stack@operation=\toks25
) (/usr/share/texmf-dist/tex/generic/pgf/math/pgfmathfunctions.code.tex) (/usr/share/texmf-dist/tex/generic/pgf/math/pgfmathfunctions.basic.code.tex) (/usr/share/texmf-dist/tex/generic/pgf/math/pgfmathfunctions.trigonometric.code.tex) (/usr/share/texmf-dist/tex/generic/pgf/math/pgfmathfunctions.random.code.tex) (/usr/share/texmf-dist/tex/generic/pgf/math/pgfmathfunctions.comparison.code.tex) (/usr/share/texmf-dist/tex/generic/pgf/math/pgfmathfunctions.base.code.tex) (/usr/share/texmf-dist/tex/generic/pgf/math/pgfmathfunctions.round.code.tex) (/usr/share/texmf-dist/tex/generic/pgf/math/pgfmathfunctions.misc.code.tex) (/usr/share/texmf-dist/tex/generic/pgf/math/pgfmathfunctions.integerarithmetics.code.tex) (/usr/share/texmf-dist/tex/generic/pgf/math/pgfmathcalc.code.tex) (/usr/share/texmf-dist/tex/generic/pgf/math/pgfmathfloat.code.tex
\c@pgfmathroundto@lastzeros=\count296
))) (/usr/share/texmf-dist/tex/latex/base/size11.clo
File: size11.clo 2024/06/29 v1.4n Standard LaTeX file (size option)
) (/usr/share/texmf-dist/tex/latex/pgf/basiclayer/pgfcore.sty (/usr/share/texmf-dist/tex/latex/graphics/graphicx.sty
Package: graphicx 2021/09/16 v1.2d Enhanced LaTeX Graphics (DPC,SPQR)
 (/usr/share/texmf-dist/tex/latex/graphics/graphics.sty
Package: graphics 2024/08/06 v1.4g Standard LaTeX Graphics (DPC,SPQR)
 (/usr/share/texmf-dist/tex/latex/graphics/trig.sty
Package: trig 2023/12/02 v1.11 sin cos tan (DPC)
) (/usr/share/texmf-dist/tex/latex/graphics-cfg/graphics.cfg
File: graphics.cfg 2016/06/04 v1.11 sample graphics configuration
)
Package graphics Info: Driver file: pdftex.def on input line 106.
 (/usr/share/texmf-dist/tex/latex/graphics-def/pdftex.def
File: pdftex.def 2024/04/13 v1.2c Graphics/color driver for pdftex
))
\Gin@req@height=\dimen176
\Gin@req@width=\dimen177
) (/usr/share/texmf-dist/tex/latex/pgf/systemlayer/pgfsys.sty (/usr/share/texmf-dist/tex/generic/pgf/systemlayer/pgfsys.code.tex
Package: pgfsys 2023-01-15 v3.1.10 (3.1.10)
\pgf@x=\dimen178
\pgf@y=\dimen179
\pgf@xa=\dimen180
\pgf@ya=\dimen181
\pgf@xb=\dimen182
\pgf@yb=\dimen183
\pgf@xc=\dimen184
\pgf@yc=\dimen185
\pgf@xd=\dimen186
\pgf@yd=\dimen187
\w@pgf@writea=\write3
\r@pgf@reada=\read2
\c@pgf@counta=\count297
\c@pgf@countb=\count298
\c@pgf@countc=\count299
\c@pgf@countd=\count300
\t@pgf@toka=\toks26
\t@pgf@tokb=\toks27
\t@pgf@tokc=\toks28
\pgf@sys@id@count=\count301
 (/usr/share/texmf-dist/tex/generic/pgf/systemlayer/pgf.cfg
File: pgf.cfg 2023-01-15 v3.1.10 (3.1.10)
)
Driver file for pgf: pgfsys-pdftex.def
 (/usr/share/texmf-dist/tex/generic/pgf/systemlayer/pgfsys-pdftex.def
File: pgfsys-pdftex.def 2023-01-15 v3.1.10 (3.1.10)
 (/usr/share/texmf-dist/tex/generic/pgf/systemlayer/pgfsys-common-pdf.def
File: pgfsys-common-pdf.def 2023-01-15 v3.1.10 (3.1.10)
))) (/usr/share/texmf-dist/tex/generic/pgf/systemlayer/pgfsyssoftpath.code.tex
File: pgfsyssoftpath.code.tex 2023-01-15 v3.1.10 (3.1.10)
\pgfsyssoftpath@smallbuffer@items=\count302
\pgfsyssoftpath@bigbuffer@items=\count303
) (/usr/share/texmf-dist/tex/generic/pgf/systemlayer/pgfsysprotocol.code.tex
File: pgfsysprotocol.code.tex 2023-01-15 v3.1.10 (3.1.10)
)) (/usr/share/texmf-dist/tex/latex/xcolor/xcolor.sty
Package: xcolor 2024/09/29 v3.02 LaTeX color extensions (UK)
 (/usr/share/texmf-dist/tex/latex/graphics-cfg/color.cfg
File: color.cfg 2016/01/02 v1.6 sample color configuration
)
Package xcolor Info: Driver file: pdftex.def on input line 274.
 (/usr/share/texmf-dist/tex/latex/graphics/mathcolor.ltx)
Package xcolor Info: Model `cmy' substituted by `cmy0' on input line 1349.
Package xcolor Info: Model `hsb' substituted by `rgb' on input line 1353.
Package xcolor Info: Model `RGB' extended on input line 1365.
Package xcolor Info: Model `HTML' substituted by `rgb' on input line 1367.
Package xcolor Info: Model `Hsb' substituted by `hsb' on input line 1368.
Package xcolor Info: Model `tHsb' substituted by `hsb' on input line 1369.
Package xcolor Info: Model `HSB' substituted by `hsb' on input line 1370.
Package xcolor Info: Model `Gray' substituted by `gray' on input line 1371.
Package xcolor Info: Model `wave' substituted by `hsb' on input line 1372.
) (/usr/share/texmf-dist/tex/latex/graphics/dvipsnam.def
File: dvipsnam.def 2016/06/17 v3.0m Driver-dependent file (DPC,SPQR)
) (/usr/share/texmf-dist/tex/generic/pgf/basiclayer/pgfcore.code.tex
Package: pgfcore 2023-01-15 v3.1.10 (3.1.10)
 (/usr/share/texmf-dist/tex/generic/pgf/math/pgfint.code.tex) (/usr/share/texmf-dist/tex/generic/pgf/basiclayer/pgfcorepoints.code.tex
File: pgfcorepoints.code.tex 2023-01-15 v3.1.10 (3.1.10)
\pgf@picminx=\dimen188
\pgf@picmaxx=\dimen189
\pgf@picminy=\dimen190
\pgf@picmaxy=\dimen191
\pgf@pathminx=\dimen192
\pgf@pathmaxx=\dimen193
\pgf@pathminy=\dimen194
\pgf@pathmaxy=\dimen195
\pgf@xx=\dimen196
\pgf@xy=\dimen197
\pgf@yx=\dimen198
\pgf@yy=\dimen199
\pgf@zx=\dimen256
\pgf@zy=\dimen257
) (/usr/share/texmf-dist/tex/generic/pgf/basiclayer/pgfcorepathconstruct.code.tex
File: pgfcorepathconstruct.code.tex 2023-01-15 v3.1.10 (3.1.10)
\pgf@path@lastx=\dimen258
\pgf@path@lasty=\dimen259
) (/usr/share/texmf-dist/tex/generic/pgf/basiclayer/pgfcorepathusage.code.tex
File: pgfcorepathusage.code.tex 2023-01-15 v3.1.10 (3.1.10)
\pgf@shorten@end@additional=\dimen260
\pgf@shorten@start@additional=\dimen261
) (/usr/share/texmf-dist/tex/generic/pgf/basiclayer/pgfcorescopes.code.tex
File: pgfcorescopes.code.tex 2023-01-15 v3.1.10 (3.1.10)
\pgfpic=\box63
\pgf@hbox=\box64
\pgf@layerbox@main=\box65
\pgf@picture@serial@count=\count304
) (/usr/share/texmf-dist/tex/generic/pgf/basiclayer/pgfcoregraphicstate.code.tex
File: pgfcoregraphicstate.code.tex 2023-01-15 v3.1.10 (3.1.10)
\pgflinewidth=\dimen262
) (/usr/share/texmf-dist/tex/generic/pgf/basiclayer/pgfcoretransformations.code.tex
File: pgfcoretransformations.code.tex 2023-01-15 v3.1.10 (3.1.10)
\pgf@pt@x=\dimen263
\pgf@pt@y=\dimen264
\pgf@pt@temp=\dimen265
) (/usr/share/texmf-dist/tex/generic/pgf/basiclayer/pgfcorequick.code.tex
File: pgfcorequick.code.tex 2023-01-15 v3.1.10 (3.1.10)
) (/usr/share/texmf-dist/tex/generic/pgf/basiclayer/pgfcoreobjects.code.tex
File: pgfcoreobjects.code.tex 2023-01-15 v3.1.10 (3.1.10)
) (/usr/share/texmf-dist/tex/generic/pgf/basiclayer/pgfcorepathprocessing.code.tex
File: pgfcorepathprocessing.code.tex 2023-01-15 v3.1.10 (3.1.10)
) (/usr/share/texmf-dist/tex/generic/pgf/basiclayer/pgfcorearrows.code.tex
File: pgfcorearrows.code.tex 2023-01-15 v3.1.10 (3.1.10)
\pgfarrowsep=\dimen266
) (/usr/share/texmf-dist/tex/generic/pgf/basiclayer/pgfcoreshade.code.tex
File: pgfcoreshade.code.tex 2023-01-15 v3.1.10 (3.1.10)
\pgf@max=\dimen267
\pgf@sys@shading@range@num=\count305
\pgf@shadingcount=\count306
) (/usr/share/texmf-dist/tex/generic/pgf/basiclayer/pgfcoreimage.code.tex
File: pgfcoreimage.code.tex 2023-01-15 v3.1.10 (3.1.10)
) (/usr/share/texmf-dist/tex/generic/pgf/basiclayer/pgfcoreexternal.code.tex
File: pgfcoreexternal.code.tex 2023-01-15 v3.1.10 (3.1.10)
\pgfexternal@startupbox=\box66
) (/usr/share/texmf-dist/tex/generic/pgf/basiclayer/pgfcorelayers.code.tex
File: pgfcorelayers.code.tex 2023-01-15 v3.1.10 (3.1.10)
) (/usr/share/texmf-dist/tex/generic/pgf/basiclayer/pgfcoretransparency.code.tex
File: pgfcoretransparency.code.tex 2023-01-15 v3.1.10 (3.1.10)
) (/usr/share/texmf-dist/tex/generic/pgf/basiclayer/pgfcorepatterns.code.tex
File: pgfcorepatterns.code.tex 2023-01-15 v3.1.10 (3.1.10)
) (/usr/share/texmf-dist/tex/generic/pgf/basiclayer/pgfcorerdf.code.tex
File: pgfcorerdf.code.tex 2023-01-15 v3.1.10 (3.1.10)
))) (/usr/share/texmf-dist/tex/latex/pgf/utilities/xxcolor.sty
Package: xxcolor 2003/10/24 ver 0.1
\XC@nummixins=\count307
\XC@countmixins=\count308
) (/usr/share/texmf-dist/tex/latex/base/atbegshi-ltx.sty
Package: atbegshi-ltx 2021/01/10 v1.0c Emulation of the original atbegshi
package with kernel methods
) (/usr/share/texmf-dist/tex/latex/hyperref/hyperref.sty
Package: hyperref 2024-11-05 v7.01l Hypertext links for LaTeX
 (/usr/share/texmf-dist/tex/latex/kvsetkeys/kvsetkeys.sty
Package: kvsetkeys 2022-10-05 v1.19 Key value parser (HO)
) (/usr/share/texmf-dist/tex/generic/kvdefinekeys/kvdefinekeys.sty
Package: kvdefinekeys 2019-12-19 v1.6 Define keys (HO)
) (/usr/share/texmf-dist/tex/generic/pdfescape/pdfescape.sty
Package: pdfescape 2019/12/09 v1.15 Implements pdfTeX's escape features (HO)
 (/usr/share/texmf-dist/tex/generic/ltxcmds/ltxcmds.sty
Package: ltxcmds 2023-12-04 v1.26 LaTeX kernel commands for general use (HO)
) (/usr/share/texmf-dist/tex/generic/pdftexcmds/pdftexcmds.sty
Package: pdftexcmds 2020-06-27 v0.33 Utility functions of pdfTeX for LuaTeX (HO)
 (/usr/share/texmf-dist/tex/generic/infwarerr/infwarerr.sty
Package: infwarerr 2019/12/03 v1.5 Providing info/warning/error messages (HO)
)
Package pdftexcmds Info: \pdf@primitive is available.
Package pdftexcmds Info: \pdf@ifprimitive is available.
Package pdftexcmds Info: \pdfdraftmode found.
)) (/usr/share/texmf-dist/tex/latex/hycolor/hycolor.sty
Package: hycolor 2020-01-27 v1.10 Color options for hyperref/bookmark (HO)
) (/usr/share/texmf-dist/tex/latex/hyperref/nameref.sty
Package: nameref 2023-11-26 v2.56 Cross-referencing by name of section
 (/usr/share/texmf-dist/tex/latex/refcount/refcount.sty
Package: refcount 2019/12/15 v3.6 Data extraction from label references (HO)
) (/usr/share/texmf-dist/tex/generic/gettitlestring/gettitlestring.sty
Package: gettitlestring 2019/12/15 v1.6 Cleanup title references (HO)
 (/usr/share/texmf-dist/tex/latex/kvoptions/kvoptions.sty
Package: kvoptions 2022-06-15 v3.15 Key value format for package options (HO)
))
\c@section@level=\count309
) (/usr/share/texmf-dist/tex/generic/stringenc/stringenc.sty
Package: stringenc 2019/11/29 v1.12 Convert strings between diff. encodings (HO)
)
\@linkdim=\dimen268
\Hy@linkcounter=\count310
\Hy@pagecounter=\count311
 (/usr/share/texmf-dist/tex/latex/hyperref/pd1enc.def
File: pd1enc.def 2024-11-05 v7.01l Hyperref: PDFDocEncoding definition (HO)
Now handling font encoding PD1 ...
... no UTF-8 mapping file for font encoding PD1
) (/usr/share/texmf-dist/tex/generic/intcalc/intcalc.sty
Package: intcalc 2019/12/15 v1.3 Expandable calculations with integers (HO)
)
\Hy@SavedSpaceFactor=\count312
 (/usr/share/texmf-dist/tex/latex/hyperref/puenc.def
File: puenc.def 2024-11-05 v7.01l Hyperref: PDF Unicode definition (HO)
Now handling font encoding PU ...
... no UTF-8 mapping file for font encoding PU
)
Package hyperref Info: Option `bookmarks' set `true' on input line 4040.
Package hyperref Info: Option `bookmarksopen' set `true' on input line 4040.
Package hyperref Info: Option `implicit' set `false' on input line 4040.
Package hyperref Info: Hyper figures OFF on input line 4157.
Package hyperref Info: Link nesting OFF on input line 4162.
Package hyperref Info: Hyper index ON on input line 4165.
Package hyperref Info: Plain pages OFF on input line 4172.
Package hyperref Info: Backreferencing OFF on input line 4177.
Package hyperref Info: Implicit mode OFF; no redefinition of LaTeX internals.
Package hyperref Info: Bookmarks ON on input line 4424.
\c@Hy@tempcnt=\count313
 (/usr/share/texmf-dist/tex/latex/url/url.sty
\Urlmuskip=\muskip17
Package: url 2013/09/16  ver 3.4  Verb mode for urls, etc.
)
LaTeX Info: Redefining \url on input line 4763.
\XeTeXLinkMargin=\dimen269
 (/usr/share/texmf-dist/tex/generic/bitset/bitset.sty
Package: bitset 2019/12/09 v1.3 Handle bit-vector datatype (HO)
 (/usr/share/texmf-dist/tex/generic/bigintcalc/bigintcalc.sty
Package: bigintcalc 2019/12/15 v1.5 Expandable calculations on big integers (HO)
))
\Fld@menulength=\count314
\Field@Width=\dimen270
\Fld@charsize=\dimen271
Package hyperref Info: Hyper figures OFF on input line 6042.
Package hyperref Info: Link nesting OFF on input line 6047.
Package hyperref Info: Hyper index ON on input line 6050.
Package hyperref Info: backreferencing OFF on input line 6057.
Package hyperref Info: Link coloring OFF on input line 6062.
Package hyperref Info: Link coloring with OCG OFF on input line 6067.
Package hyperref Info: PDF/A mode OFF on input line 6072.
\Hy@abspage=\count315


Package hyperref Message: Stopped early.

)
Package hyperref Info: Driver (autodetected): hpdftex.
 (/usr/share/texmf-dist/tex/latex/hyperref/hpdftex.def
File: hpdftex.def 2024-11-05 v7.01l Hyperref driver for pdfTeX
 (/usr/share/texmf-dist/tex/latex/base/atveryend-ltx.sty
Package: atveryend-ltx 2020/08/19 v1.0a Emulation of the original atveryend package
with kernel methods
)
\Fld@listcount=\count316
\c@bookmark@seq@number=\count317
 (/usr/share/texmf-dist/tex/latex/rerunfilecheck/rerunfilecheck.sty
Package: rerunfilecheck 2022-07-10 v1.10 Rerun checks for auxiliary files (HO)
 (/usr/share/texmf-dist/tex/generic/uniquecounter/uniquecounter.sty
Package: uniquecounter 2019/12/15 v1.4 Provide unlimited unique counter (HO)
)
Package uniquecounter Info: New unique counter `rerunfilecheck' on input line 285.
)) (/usr/share/texmf-dist/tex/latex/beamer/beamerbaserequires.sty (/usr/share/texmf-dist/tex/latex/beamer/beamerbasecompatibility.sty) (/usr/share/texmf-dist/tex/latex/beamer/beamerbasefont.sty (/usr/share/texmf-dist/tex/latex/amsfonts/amssymb.sty
Package: amssymb 2013/01/14 v3.01 AMS font symbols
 (/usr/share/texmf-dist/tex/latex/amsfonts/amsfonts.sty
Package: amsfonts 2013/01/14 v3.01 Basic AMSFonts support
\@emptytoks=\toks29
\symAMSa=\mathgroup4
\symAMSb=\mathgroup5
LaTeX Font Info:    Redeclaring math symbol \hbar on input line 98.
LaTeX Font Info:    Overwriting math alphabet `\mathfrak' in version `bold'
(Font)                  U/euf/m/n --> U/euf/b/n on input line 106.
)) (/usr/share/texmf-dist/tex/latex/sansmathaccent/sansmathaccent.sty
Package: sansmathaccent 2020/01/31
 (/usr/share/texmf-dist/tex/latex/koma-script/scrlfile.sty
Package: scrlfile 2024/10/24 v3.43 KOMA-Script package (file load hooks)
 (/usr/share/texmf-dist/tex/latex/koma-script/scrlfile-hook.sty
Package: scrlfile-hook 2024/10/24 v3.43 KOMA-Script package (using LaTeX hooks)
 (/usr/share/texmf-dist/tex/latex/koma-script/scrlogo.sty
Package: scrlogo 2024/10/24 v3.43 KOMA-Script package (logo)
))))) (/usr/share/texmf-dist/tex/latex/beamer/beamerbasetranslator.sty (/usr/share/texmf-dist/tex/latex/translator/translator.sty
Package: translator 2021-05-31 v1.12d Easy translation of strings in LaTeX
)) (/usr/share/texmf-dist/tex/latex/beamer/beamerbasemisc.sty) (/usr/share/texmf-dist/tex/latex/beamer/beamerbasetwoscreens.sty) (/usr/share/texmf-dist/tex/latex/beamer/beamerbaseoverlay.sty
\beamer@argscount=\count318
\beamer@lastskipcover=\skip52
\beamer@trivlistdepth=\count319
) (/usr/share/texmf-dist/tex/latex/beamer/beamerbasetitle.sty) (/usr/share/texmf-dist/tex/latex/beamer/beamerbasesection.sty
\c@lecture=\count320
\c@part=\count321
\c@section=\count322
\c@subsection=\count323
\c@subsubsection=\count324
) (/usr/share/texmf-dist/tex/latex/beamer/beamerbaseframe.sty
\beamer@framebox=\box67
\beamer@frametitlebox=\box68
\beamer@zoombox=\box69
\beamer@zoomcount=\count325
\beamer@zoomframecount=\count326
\beamer@frametextheight=\dimen272
\c@subsectionslide=\count327
\beamer@frametopskip=\skip53
\beamer@framebottomskip=\skip54
\beamer@frametopskipautobreak=\skip55
\beamer@framebottomskipautobreak=\skip56
\beamer@envbody=\toks30
\framewidth=\dimen273
\c@framenumber=\count328
) (/usr/share/texmf-dist/tex/latex/beamer/beamerbaseverbatim.sty
\beamer@verbatimfileout=\write4
) (/usr/share/texmf-dist/tex/latex/beamer/beamerbaseframesize.sty
\beamer@splitbox=\box70
\beamer@autobreakcount=\count329
\beamer@autobreaklastheight=\dimen274
\beamer@frametitletoks=\toks31
\beamer@framesubtitletoks=\toks32
) (/usr/share/texmf-dist/tex/latex/beamer/beamerbaseframecomponents.sty
\beamer@footins=\box71
) (/usr/share/texmf-dist/tex/latex/beamer/beamerbasecolor.sty) (/usr/share/texmf-dist/tex/latex/beamer/beamerbasenotes.sty
\beamer@frameboxcopy=\box72
) (/usr/share/texmf-dist/tex/latex/beamer/beamerbasetoc.sty) (/usr/share/texmf-dist/tex/latex/beamer/beamerbasetemplates.sty
\beamer@sbttoks=\toks33
 (/usr/share/texmf-dist/tex/latex/beamer/beamerbaseauxtemplates.sty (/usr/share/texmf-dist/tex/latex/beamer/beamerbaseboxes.sty
\bmb@box=\box73
\bmb@colorbox=\box74
\bmb@boxwidth=\dimen275
\bmb@boxheight=\dimen276
\bmb@prevheight=\dimen277
\bmb@temp=\dimen278
\bmb@dima=\dimen279
\bmb@dimb=\dimen280
\bmb@prevheight=\dimen281
)
\beamer@blockheadheight=\dimen282
)) (/usr/share/texmf-dist/tex/latex/beamer/beamerbaselocalstructure.sty (/usr/share/texmf-dist/tex/latex/tools/enumerate.sty
Package: enumerate 2023/07/04 v3.00 enumerate extensions (DPC)
\@enLab=\toks34
)
\beamer@bibiconwidth=\skip57
\c@figure=\count330
\c@table=\count331
\abovecaptionskip=\skip58
\belowcaptionskip=\skip59
) (/usr/share/texmf-dist/tex/latex/beamer/beamerbasenavigation.sty (/usr/share/texmf-dist/tex/latex/beamer/beamerbasenavigationsymbols.tex)
\beamer@section@min@dim=\dimen283
) (/usr/share/texmf-dist/tex/latex/beamer/beamerbasetheorems.sty (/usr/share/texmf-dist/tex/latex/amsmath/amsmath.sty
Package: amsmath 2024/11/05 v2.17t AMS math features
\@mathmargin=\skip60

For additional information on amsmath, use the `?' option.
(/usr/share/texmf-dist/tex/latex/amsmath/amstext.sty
Package: amstext 2021/08/26 v2.01 AMS text
 (/usr/share/texmf-dist/tex/latex/amsmath/amsgen.sty
File: amsgen.sty 1999/11/30 v2.0 generic functions
\@emptytoks=\toks35
\ex@=\dimen284
)) (/usr/share/texmf-dist/tex/latex/amsmath/amsbsy.sty
Package: amsbsy 1999/11/29 v1.2d Bold Symbols
\pmbraise@=\dimen285
) (/usr/share/texmf-dist/tex/latex/amsmath/amsopn.sty
Package: amsopn 2022/04/08 v2.04 operator names
)
\inf@bad=\count332
LaTeX Info: Redefining \frac on input line 233.
\uproot@=\count333
\leftroot@=\count334
LaTeX Info: Redefining \overline on input line 398.
LaTeX Info: Redefining \colon on input line 409.
\classnum@=\count335
\DOTSCASE@=\count336
LaTeX Info: Redefining \ldots on input line 495.
LaTeX Info: Redefining \dots on input line 498.
LaTeX Info: Redefining \cdots on input line 619.
\Mathstrutbox@=\box75
\strutbox@=\box76
LaTeX Info: Redefining \big on input line 721.
LaTeX Info: Redefining \Big on input line 722.
LaTeX Info: Redefining \bigg on input line 723.
LaTeX Info: Redefining \Bigg on input line 724.
\big@size=\dimen286
LaTeX Font Info:    Redeclaring font encoding OML on input line 742.
LaTeX Font Info:    Redeclaring font encoding OMS on input line 743.
\macc@depth=\count337
LaTeX Info: Redefining \bmod on input line 904.
LaTeX Info: Redefining \pmod on input line 909.
LaTeX Info: Redefining \smash on input line 939.
LaTeX Info: Redefining \relbar on input line 969.
LaTeX Info: Redefining \Relbar on input line 970.
\c@MaxMatrixCols=\count338
\dotsspace@=\muskip18
\c@parentequation=\count339
\dspbrk@lvl=\count340
\tag@help=\toks36
\row@=\count341
\column@=\count342
\maxfields@=\count343
\andhelp@=\toks37
\eqnshift@=\dimen287
\alignsep@=\dimen288
\tagshift@=\dimen289
\tagwidth@=\dimen290
\totwidth@=\dimen291
\lineht@=\dimen292
\@envbody=\toks38
\multlinegap=\skip61
\multlinetaggap=\skip62
\mathdisplay@stack=\toks39
LaTeX Info: Redefining \[ on input line 2953.
LaTeX Info: Redefining \] on input line 2954.
) (/usr/share/texmf-dist/tex/latex/amscls/amsthm.sty
Package: amsthm 2020/05/29 v2.20.6
\thm@style=\toks40
\thm@bodyfont=\toks41
\thm@headfont=\toks42
\thm@notefont=\toks43
\thm@headpunct=\toks44
\thm@preskip=\skip63
\thm@postskip=\skip64
\thm@headsep=\skip65
\dth@everypar=\toks45
)
\c@theorem=\count344
) (/usr/share/texmf-dist/tex/latex/beamer/beamerbasethemes.sty)) (/usr/share/texmf-dist/tex/latex/beamer/beamerthemedefault.sty (/usr/share/texmf-dist/tex/latex/beamer/beamerfontthemedefault.sty) (/usr/share/texmf-dist/tex/latex/beamer/beamercolorthemedefault.sty) (/usr/share/texmf-dist/tex/latex/beamer/beamerinnerthemedefault.sty
\beamer@dima=\dimen293
\beamer@dimb=\dimen294
) (/usr/share/texmf-dist/tex/latex/beamer/beamerouterthemedefault.sty))) (./beamerthemeSimpleDarkBlue.sty (./beamerfontthemeSimpleDarkBlue.sty) (./beamercolorthemeSimpleDarkBlue.sty (/usr/share/texmf-dist/tex/latex/beamer/beamercolorthemestructure.sty)) (./beamerinnerthemeSimpleDarkBlue.sty)) (/usr/share/texmf-dist/tex/latex/booktabs/booktabs.sty
Package: booktabs 2020/01/12 v1.61803398 Publication quality tables
\heavyrulewidth=\dimen295
\lightrulewidth=\dimen296
\cmidrulewidth=\dimen297
\belowrulesep=\dimen298
\belowbottomsep=\dimen299
\aboverulesep=\dimen300
\abovetopsep=\dimen301
\cmidrulesep=\dimen302
\cmidrulekern=\dimen303
\defaultaddspace=\dimen304
\@cmidla=\count345
\@cmidlb=\count346
\@aboverulesep=\dimen305
\@belowrulesep=\dimen306
\@thisruleclass=\count347
\@lastruleclass=\count348
\@thisrulewidth=\dimen307
) (/usr/share/texmf-dist/tex/latex/pgf/frontendlayer/tikz.sty (/usr/share/texmf-dist/tex/latex/pgf/basiclayer/pgf.sty
Package: pgf 2023-01-15 v3.1.10 (3.1.10)
 (/usr/share/texmf-dist/tex/generic/pgf/modules/pgfmoduleshapes.code.tex
File: pgfmoduleshapes.code.tex 2023-01-15 v3.1.10 (3.1.10)
\pgfnodeparttextbox=\box77
) (/usr/share/texmf-dist/tex/generic/pgf/modules/pgfmoduleplot.code.tex
File: pgfmoduleplot.code.tex 2023-01-15 v3.1.10 (3.1.10)
) (/usr/share/texmf-dist/tex/latex/pgf/compatibility/pgfcomp-version-0-65.sty
Package: pgfcomp-version-0-65 2023-01-15 v3.1.10 (3.1.10)
\pgf@nodesepstart=\dimen308
\pgf@nodesepend=\dimen309
) (/usr/share/texmf-dist/tex/latex/pgf/compatibility/pgfcomp-version-1-18.sty
Package: pgfcomp-version-1-18 2023-01-15 v3.1.10 (3.1.10)
)) (/usr/share/texmf-dist/tex/latex/pgf/utilities/pgffor.sty (/usr/share/texmf-dist/tex/generic/pgf/utilities/pgffor.code.tex
Package: pgffor 2023-01-15 v3.1.10 (3.1.10)
\pgffor@iter=\dimen310
\pgffor@skip=\dimen311
\pgffor@stack=\toks46
\pgffor@toks=\toks47
)) (/usr/share/texmf-dist/tex/generic/pgf/frontendlayer/tikz/tikz.code.tex
Package: tikz 2023-01-15 v3.1.10 (3.1.10)
 (/usr/share/texmf-dist/tex/generic/pgf/libraries/pgflibraryplothandlers.code.tex
File: pgflibraryplothandlers.code.tex 2023-01-15 v3.1.10 (3.1.10)
\pgf@plot@mark@count=\count349
\pgfplotmarksize=\dimen312
)
\tikz@lastx=\dimen313
\tikz@lasty=\dimen314
\tikz@lastxsaved=\dimen315
\tikz@lastysaved=\dimen316
\tikz@lastmovetox=\dimen317
\tikz@lastmovetoy=\dimen318
\tikzleveldistance=\dimen319
\tikzsiblingdistance=\dimen320
\tikz@figbox=\box78
\tikz@figbox@bg=\box79
\tikz@tempbox=\box80
\tikz@tempbox@bg=\box81
\tikztreelevel=\count350
\tikznumberofchildren=\count351
\tikznumberofcurrentchild=\count352
\tikz@fig@count=\count353
 (/usr/share/texmf-dist/tex/generic/pgf/modules/pgfmodulematrix.code.tex
File: pgfmodulematrix.code.tex 2023-01-15 v3.1.10 (3.1.10)
\pgfmatrixcurrentrow=\count354
\pgfmatrixcurrentcolumn=\count355
\pgf@matrix@numberofcolumns=\count356
)
\tikz@expandcount=\count357
 (/usr/share/texmf-dist/tex/generic/pgf/frontendlayer/tikz/libraries/tikzlibrarytopaths.code.tex
File: tikzlibrarytopaths.code.tex 2023-01-15 v3.1.10 (3.1.10)
))) (/usr/share/texmf-dist/tex/generic/pgf/frontendlayer/tikz/libraries/tikzlibraryshapes.code.tex
File: tikzlibraryshapes.code.tex 2023-01-15 v3.1.10 (3.1.10)
 (/usr/share/texmf-dist/tex/generic/pgf/frontendlayer/tikz/libraries/tikzlibraryshapes.geometric.code.tex
File: tikzlibraryshapes.geometric.code.tex 2023-01-15 v3.1.10 (3.1.10)
 (/usr/share/texmf-dist/tex/generic/pgf/libraries/shapes/pgflibraryshapes.geometric.code.tex
File: pgflibraryshapes.geometric.code.tex 2023-01-15 v3.1.10 (3.1.10)
)) (/usr/share/texmf-dist/tex/generic/pgf/frontendlayer/tikz/libraries/tikzlibraryshapes.misc.code.tex
File: tikzlibraryshapes.misc.code.tex 2023-01-15 v3.1.10 (3.1.10)
 (/usr/share/texmf-dist/tex/generic/pgf/libraries/shapes/pgflibraryshapes.misc.code.tex
File: pgflibraryshapes.misc.code.tex 2023-01-15 v3.1.10 (3.1.10)
)) (/usr/share/texmf-dist/tex/generic/pgf/frontendlayer/tikz/libraries/tikzlibraryshapes.symbols.code.tex
File: tikzlibraryshapes.symbols.code.tex 2023-01-15 v3.1.10 (3.1.10)
 (/usr/share/texmf-dist/tex/generic/pgf/libraries/shapes/pgflibraryshapes.symbols.code.tex
File: pgflibraryshapes.symbols.code.tex 2023-01-15 v3.1.10 (3.1.10)
)) (/usr/share/texmf-dist/tex/generic/pgf/frontendlayer/tikz/libraries/tikzlibraryshapes.arrows.code.tex
File: tikzlibraryshapes.arrows.code.tex 2023-01-15 v3.1.10 (3.1.10)
 (/usr/share/texmf-dist/tex/generic/pgf/libraries/shapes/pgflibraryshapes.arrows.code.tex
File: pgflibraryshapes.arrows.code.tex 2023-01-15 v3.1.10 (3.1.10)
)) (/usr/share/texmf-dist/tex/generic/pgf/frontendlayer/tikz/libraries/tikzlibraryshapes.callouts.code.tex (/usr/share/texmf-dist/tex/generic/pgf/libraries/shapes/pgflibraryshapes.callouts.code.tex)) (/usr/share/texmf-dist/tex/generic/pgf/frontendlayer/tikz/libraries/tikzlibraryshapes.multipart.code.tex
File: tikzlibraryshapes.multipart.code.tex 2023-01-15 v3.1.10 (3.1.10)
 (/usr/share/texmf-dist/tex/generic/pgf/libraries/shapes/pgflibraryshapes.multipart.code.tex
File: pgflibraryshapes.multipart.code.tex 2023-01-15 v3.1.10 (3.1.10)
\pgfnodepartlowerbox=\box82
\pgfnodeparttwobox=\box83
\pgfnodepartthreebox=\box84
\pgfnodepartfourbox=\box85
\pgfnodeparttwentybox=\box86
\pgfnodepartnineteenbox=\box87
\pgfnodeparteighteenbox=\box88
\pgfnodepartseventeenbox=\box89
\pgfnodepartsixteenbox=\box90
\pgfnodepartfifteenbox=\box91
\pgfnodepartfourteenbox=\box92
\pgfnodepartthirteenbox=\box93
\pgfnodeparttwelvebox=\box94
\pgfnodepartelevenbox=\box95
\pgfnodeparttenbox=\box96
\pgfnodepartninebox=\box97
\pgfnodeparteightbox=\box98
\pgfnodepartsevenbox=\box99
\pgfnodepartsixbox=\box100
\pgfnodepartfivebox=\box101
))) (/usr/share/texmf-dist/tex/generic/pgf/frontendlayer/tikz/libraries/tikzlibraryarrows.code.tex
File: tikzlibraryarrows.code.tex 2023-01-15 v3.1.10 (3.1.10)
 (/usr/share/texmf-dist/tex/generic/pgf/libraries/pgflibraryarrows.code.tex
File: pgflibraryarrows.code.tex 2023-01-15 v3.1.10 (3.1.10)
\arrowsize=\dimen321
)) (/usr/share/texmf-dist/tex/generic/pgf/frontendlayer/tikz/libraries/tikzlibrarypositioning.code.tex
File: tikzlibrarypositioning.code.tex 2023-01-15 v3.1.10 (3.1.10)
) (/usr/share/texmf-dist/tex/latex/l3backend/l3backend-pdftex.def
File: l3backend-pdftex.def 2024-05-08 L3 backend support: PDF output (pdfTeX)
\l__color_backend_stack_int=\count358
\l__pdf_internal_box=\box102
) (./sample.aux

LaTeX Warning: Label `fig:placeholder' multiply defined.

)
\openout1 = `sample.aux'.

LaTeX Font Info:    Checking defaults for OML/cmm/m/it on input line 15.
LaTeX Font Info:    ... okay on input line 15.
LaTeX Font Info:    Checking defaults for OMS/cmsy/m/n on input line 15.
LaTeX Font Info:    ... okay on input line 15.
LaTeX Font Info:    Checking defaults for OT1/cmr/m/n on input line 15.
LaTeX Font Info:    ... okay on input line 15.
LaTeX Font Info:    Checking defaults for T1/cmr/m/n on input line 15.
LaTeX Font Info:    ... okay on input line 15.
LaTeX Font Info:    Checking defaults for TS1/cmr/m/n on input line 15.
LaTeX Font Info:    ... okay on input line 15.
LaTeX Font Info:    Checking defaults for OMX/cmex/m/n on input line 15.
LaTeX Font Info:    ... okay on input line 15.
LaTeX Font Info:    Checking defaults for U/cmr/m/n on input line 15.
LaTeX Font Info:    ... okay on input line 15.
LaTeX Font Info:    Checking defaults for PD1/pdf/m/n on input line 15.
LaTeX Font Info:    ... okay on input line 15.
LaTeX Font Info:    Checking defaults for PU/pdf/m/n on input line 15.
LaTeX Font Info:    ... okay on input line 15.

*geometry* driver: auto-detecting
*geometry* detected driver: pdftex
*geometry* verbose mode - [ preamble ] result:
* driver: pdftex
* paper: custom
* layout: <same size as paper>
* layoutoffset:(h,v)=(0.0pt,0.0pt)
* modes: includehead includefoot 
* h-part:(L,W,R)=(21.90005pt, 411.44397pt, 21.90005pt)
* v-part:(T,H,B)=(0.0pt, 256.0748pt, 0.0pt)
* \paperwidth=455.24408pt
* \paperheight=256.0748pt
* \textwidth=411.44397pt
* \textheight=227.62207pt
* \oddsidemargin=-50.36993pt
* \evensidemargin=-50.36993pt
* \topmargin=-72.26999pt
* \headheight=14.22636pt
* \headsep=0.0pt
* \topskip=11.0pt
* \footskip=14.22636pt
* \marginparwidth=4.0pt
* \marginparsep=10.0pt
* \columnsep=10.0pt
* \skip\footins=10.0pt plus 4.0pt minus 2.0pt
* \hoffset=0.0pt
* \voffset=0.0pt
* \mag=1000
* \@twocolumnfalse
* \@twosidefalse
* \@mparswitchfalse
* \@reversemarginfalse
* (1in=72.27pt=25.4mm, 1cm=28.453pt)

(/usr/share/texmf-dist/tex/context/base/mkii/supp-pdf.mkii
[Loading MPS to PDF converter (version 2006.09.02).]
\scratchcounter=\count359
\scratchdimen=\dimen322
\scratchbox=\box103
\nofMPsegments=\count360
\nofMParguments=\count361
\everyMPshowfont=\toks48
\MPscratchCnt=\count362
\MPscratchDim=\dimen323
\MPnumerator=\count363
\makeMPintoPDFobject=\count364
\everyMPtoPDFconversion=\toks49
) (/usr/share/texmf-dist/tex/latex/epstopdf-pkg/epstopdf-base.sty
Package: epstopdf-base 2020-01-24 v2.11 Base part for package epstopdf
Package epstopdf-base Info: Redefining graphics rule for `.eps' on input line 485.
 (/usr/share/texmf-dist/tex/latex/latexconfig/epstopdf-sys.cfg
File: epstopdf-sys.cfg 2010/07/13 v1.3 Configuration of (r)epstopdf for TeX Live
))
Package hyperref Info: Link coloring OFF on input line 15.
 (./sample.out) (./sample.out)
\@outlinefile=\write5
\openout5 = `sample.out'.

LaTeX Font Info:    Overwriting symbol font `operators' in version `normal'
(Font)                  OT1/cmr/m/n --> OT1/cmss/m/n on input line 15.
LaTeX Font Info:    Overwriting symbol font `operators' in version `bold'
(Font)                  OT1/cmr/bx/n --> OT1/cmss/b/n on input line 15.
\symnumbers=\mathgroup6
\sympureletters=\mathgroup7
LaTeX Font Info:    Overwriting math alphabet `\mathrm' in version `normal'
(Font)                  OT1/cmss/m/n --> OT1/cmr/m/n on input line 15.
LaTeX Font Info:    Redeclaring math alphabet \mathbf on input line 15.
LaTeX Font Info:    Overwriting math alphabet `\mathbf' in version `normal'
(Font)                  OT1/cmr/bx/n --> OT1/cmss/b/n on input line 15.
LaTeX Font Info:    Overwriting math alphabet `\mathbf' in version `bold'
(Font)                  OT1/cmr/bx/n --> OT1/cmss/b/n on input line 15.
LaTeX Font Info:    Redeclaring math alphabet \mathsf on input line 15.
LaTeX Font Info:    Overwriting math alphabet `\mathsf' in version `normal'
(Font)                  OT1/cmss/m/n --> OT1/cmss/m/n on input line 15.
LaTeX Font Info:    Overwriting math alphabet `\mathsf' in version `bold'
(Font)                  OT1/cmss/bx/n --> OT1/cmss/m/n on input line 15.
LaTeX Font Info:    Redeclaring math alphabet \mathit on input line 15.
LaTeX Font Info:    Overwriting math alphabet `\mathit' in version `normal'
(Font)                  OT1/cmr/m/it --> OT1/cmss/m/it on input line 15.
LaTeX Font Info:    Overwriting math alphabet `\mathit' in version `bold'
(Font)                  OT1/cmr/bx/it --> OT1/cmss/m/it on input line 15.
LaTeX Font Info:    Redeclaring math alphabet \mathtt on input line 15.
LaTeX Font Info:    Overwriting math alphabet `\mathtt' in version `normal'
(Font)                  OT1/cmtt/m/n --> OT1/cmtt/m/n on input line 15.
LaTeX Font Info:    Overwriting math alphabet `\mathtt' in version `bold'
(Font)                  OT1/cmtt/m/n --> OT1/cmtt/m/n on input line 15.
LaTeX Font Info:    Overwriting symbol font `numbers' in version `bold'
(Font)                  OT1/cmss/m/n --> OT1/cmss/b/n on input line 15.
LaTeX Font Info:    Overwriting symbol font `pureletters' in version `bold'
(Font)                  OT1/cmss/m/it --> OT1/cmss/b/it on input line 15.
LaTeX Font Info:    Overwriting math alphabet `\mathrm' in version `bold'
(Font)                  OT1/cmss/b/n --> OT1/cmr/b/n on input line 15.
LaTeX Font Info:    Overwriting math alphabet `\mathbf' in version `bold'
(Font)                  OT1/cmss/b/n --> OT1/cmss/b/n on input line 15.
LaTeX Font Info:    Overwriting math alphabet `\mathsf' in version `bold'
(Font)                  OT1/cmss/m/n --> OT1/cmss/b/n on input line 15.
LaTeX Font Info:    Overwriting math alphabet `\mathit' in version `bold'
(Font)                  OT1/cmss/m/it --> OT1/cmss/b/it on input line 15.
LaTeX Font Info:    Overwriting math alphabet `\mathtt' in version `bold'
(Font)                  OT1/cmtt/m/n --> OT1/cmtt/b/n on input line 15.
LaTeX Font Info:    Redeclaring symbol font `pureletters' on input line 15.
LaTeX Font Info:    Overwriting symbol font `pureletters' in version `normal'
(Font)                  OT1/cmss/m/it --> OT1/mathkerncmss/m/sl on input line 15.
LaTeX Font Info:    Overwriting symbol font `pureletters' in version `bold'
(Font)                  OT1/cmss/b/it --> OT1/mathkerncmss/m/sl on input line 15.
LaTeX Font Info:    Overwriting symbol font `pureletters' in version `bold'
(Font)                  OT1/mathkerncmss/m/sl --> OT1/mathkerncmss/bx/sl on input line 15.
 (/usr/share/texmf-dist/tex/latex/translator/translator-basic-dictionary-English.dict
Dictionary: translator-basic-dictionary, Language: English 
) (/usr/share/texmf-dist/tex/latex/translator/translator-bibliography-dictionary-English.dict
Dictionary: translator-bibliography-dictionary, Language: English 
) (/usr/share/texmf-dist/tex/latex/translator/translator-environment-dictionary-English.dict
Dictionary: translator-environment-dictionary, Language: English 
) (/usr/share/texmf-dist/tex/latex/translator/translator-months-dictionary-English.dict
Dictionary: translator-months-dictionary, Language: English 
) (/usr/share/texmf-dist/tex/latex/translator/translator-numbers-dictionary-English.dict
Dictionary: translator-numbers-dictionary, Language: English 
) (/usr/share/texmf-dist/tex/latex/translator/translator-theorem-dictionary-English.dict
Dictionary: translator-theorem-dictionary, Language: English 
) (./sample.nav) (./slides-por-aula/Semana1-Apresentação-do-Curso.tex

Package hyperref Warning: Option `pdfauthor' has already been used,
(hyperref)                setting the option has no effect on input line 3.



[1

{/var/lib/texmf/fonts/map/pdftex/updmap/pdftex.map}]
LaTeX Font Info:    Trying to load font information for U+msa on input line 56.
 (/usr/share/texmf-dist/tex/latex/amsfonts/umsa.fd
File: umsa.fd 2013/01/14 v3.01 AMS symbols A
)
LaTeX Font Info:    Trying to load font information for U+msb on input line 56.
 (/usr/share/texmf-dist/tex/latex/amsfonts/umsb.fd
File: umsb.fd 2013/01/14 v3.01 AMS symbols B
)
LaTeX Font Info:    Trying to load font information for OT1+mathkerncmss on input line 56.
 (/usr/share/texmf-dist/tex/latex/sansmathaccent/ot1mathkerncmss.fd
File: ot1mathkerncmss.fd 2020/01/31 Fontinst v1.933 font definitions for OT1/mathkerncmss.
)
Overfull \vbox (9.92389pt too high) detected at line 56
 []



[2

]) (./slides-por-aula/Semana1-Revisão-Inicial.tex

Package hyperref Warning: Option `pdfauthor' has already been used,
(hyperref)                setting the option has no effect on input line 3.



[3

]

[4

]
\openout4 = `sample.vrb'.

 (./sample.vrb)

[5

]
\openout4 = `sample.vrb'.

 (./sample.vrb)

[6

]
\openout4 = `sample.vrb'.

 (./sample.vrb)

[7

]
\openout4 = `sample.vrb'.

 (./sample.vrb)
Overfull \vbox (13.29958pt too high) detected at line 133
 []



[8

]
\openout4 = `sample.vrb'.

 (./sample.vrb)

[9

]
\openout4 = `sample.vrb'.

 (./sample.vrb
Overfull \hbox (3.71274pt too wide) in paragraph at lines 13--13
[]\OT1/cmtt/m/n/10.95 soma = 5 + 3.2         #Result: 8.2[] 
 []


Overfull \hbox (3.71274pt too wide) in paragraph at lines 13--13
[]\OT1/cmtt/m/n/10.95 divisao = 15 / 2       #Result: 7.5[] 
 []

)

[10

{/usr/share/texmf-dist/fonts/enc/dvips/cm-super/cm-super-ts1.enc}]
\openout4 = `sample.vrb'.

 (./sample.vrb)
Overfull \vbox (4.33282pt too high) detected at line 230
 []



[11

]
\openout4 = `sample.vrb'.

 (./sample.vrb)

[12

]
\openout4 = `sample.vrb'.

 (./sample.vrb)

[13

]
\openout4 = `sample.vrb'.

 (./sample.vrb)
Overfull \vbox (13.7029pt too high) detected at line 336
 []



[14

]
\openout4 = `sample.vrb'.

 (./sample.vrb)

[15

]
\openout4 = `sample.vrb'.

 (./sample.vrb
LaTeX Font Info:    Font shape `OT1/cmtt/bx/n' in size <10.95> not available
(Font)              Font shape `OT1/cmtt/m/n' tried instead on input line 7.
)

[16

]
\openout4 = `sample.vrb'.

 (./sample.vrb)
Overfull \vbox (1.16803pt too high) detected at line 443
 []



[17

]
\openout4 = `sample.vrb'.

 (./sample.vrb)
Overfull \vbox (12.38205pt too high) detected at line 470
 []



[18

]
\openout4 = `sample.vrb'.

 (./sample.vrb)

[19

]
\openout4 = `sample.vrb'.

 (./sample.vrb
Overfull \hbox (2.13687pt too wide) in paragraph at lines 28--28
[]\OT1/cmtt/m/n/10.95 lista.append(4)# [1, 2, 3, 4][] 
 []


Overfull \hbox (2.13687pt too wide) in paragraph at lines 28--28
[]\OT1/cmtt/m/n/10.95 [0] + lista    # [0, 1, 2, 3][] 
 []

)

[20

]
\openout4 = `sample.vrb'.

 (./sample.vrb
LaTeX Font Info:    Trying to load font information for OMS+cmtt on input line 6.
LaTeX Font Info:    No file OMScmtt.fd. on input line 6.


LaTeX Font Warning: Font shape `OMS/cmtt/m/n' undefined
(Font)              using `OMS/cmsy/m/n' instead
(Font)              for symbol `textbraceleft' on input line 6.

)
Overfull \vbox (10.94041pt too high) detected at line 568
 []



[21

]
\openout4 = `sample.vrb'.

 (./sample.vrb)

[22

]
\openout4 = `sample.vrb'.

 (./sample.vrb)
Overfull \vbox (1.61122pt too high) detected at line 630
 []



[23

]
\openout4 = `sample.vrb'.

 (./sample.vrb)

[24

]
\openout4 = `sample.vrb'.

 (./sample.vrb)

[25

]
\openout4 = `sample.vrb'.

 (./sample.vrb)

[26

]
\openout4 = `sample.vrb'.

 (./sample.vrb)

[27

]
\openout4 = `sample.vrb'.

 (./sample.vrb)

[28

]
\openout4 = `sample.vrb'.

 (./sample.vrb)

[29

]
\openout4 = `sample.vrb'.

 (./sample.vrb)
Overfull \vbox (11.58209pt too high) detected at line 803
 []



[30

]
\openout4 = `sample.vrb'.

 (./sample.vrb)

[31

]) (./slides-por-aula/Semana2-Orientação-a-objetos.tex

Package hyperref Warning: Option `pdfauthor' has already been used,
(hyperref)                setting the option has no effect on input line 3.



[32

]

[33

]
\openout4 = `sample.vrb'.

 (./sample.vrb
Overfull \hbox (2.46155pt too wide) in paragraph at lines 22--22
[]        \OT1/cmtt/m/n/10.95 print(f"Ol^^Sa, meu nome ^^Se {self.nome} e tenho {self.idade} anos.")[] 
 []

)
Overfull \vbox (15.98624pt too high) detected at line 76
 []



[34

]
\openout4 = `sample.vrb'.

 (./sample.vrb)
Overfull \vbox (1.16803pt too high) detected at line 98
 []



[35

]
\openout4 = `sample.vrb'.

 (./sample.vrb)

[36

]

[37

]
\openout4 = `sample.vrb'.

 (./sample.vrb)

[38

]
\openout4 = `sample.vrb'.

 (./sample.vrb)
Overfull \vbox (12.70984pt too high) detected at line 214
 []



[39

]
\openout4 = `sample.vrb'.

 (./sample.vrb)

[40

]
\openout4 = `sample.vrb'.

 (./sample.vrb
Overfull \hbox (117.4353pt too wide) in paragraph at lines 19--19
[]        \OT1/cmtt/m/n/10.95 print(f"{self} defendeu e recebeu {dano_final} de dano. Vida restante: {self.vida}")[] 
 []

)
Overfull \vbox (1.16803pt too high) detected at line 259
 []



[41

]
\openout4 = `sample.vrb'.

 (./sample.vrb
Overfull \hbox (117.4353pt too wide) in paragraph at lines 20--20
[]        \OT1/cmtt/m/n/10.95 print(f"{self} defendeu e recebeu {dano_final} de dano. Vida restante: {self.vida}")[] 
 []


Overfull \hbox (117.4353pt too wide) in paragraph at lines 20--20
[]        \OT1/cmtt/m/n/10.95 print(f"{self} recebeu {vida_restaurada} de Healthpack. Vida restante: {self.vida}")[] 
 []

)
Overfull \vbox (14.76804pt too high) detected at line 282
 []



[42

]
\openout4 = `sample.vrb'.

 (./sample.vrb)

[43

]
\openout4 = `sample.vrb'.

 (./sample.vrb)

[44

]
\openout4 = `sample.vrb'.

 (./sample.vrb)
Overfull \vbox (14.76804pt too high) detected at line 343
 []



[45

]

[46

]
\openout4 = `sample.vrb'.

 (./sample.vrb)
Overfull \vbox (14.76804pt too high) detected at line 396
 []



[47

]

[48

]
\openout4 = `sample.vrb'.

 (./sample.vrb)

[49

]
\openout4 = `sample.vrb'.

 (./sample.vrb)

[50

]) (./slides-por-aula/Semana3-Heranca-Polimorfismo.tex

Package hyperref Warning: Option `pdfauthor' has already been used,
(hyperref)                setting the option has no effect on input line 3.



[51

]

[52

]

[53

]
\openout4 = `sample.vrb'.

 (./sample.vrb)

[54

]
\openout4 = `sample.vrb'.

 (./sample.vrb)

[55

]
\openout4 = `sample.vrb'.

 (./sample.vrb)
Overfull \vbox (6.69458pt too high) detected at line 160
 []



[56

]
\openout4 = `sample.vrb'.

 (./sample.vrb)
Overfull \vbox (14.76804pt too high) detected at line 184
 []



[57

]
\openout4 = `sample.vrb'.

 (./sample.vrb)

[58

]
\openout4 = `sample.vrb'.

 (./sample.vrb)

[59

]
\openout4 = `sample.vrb'.

 (./sample.vrb)

[60

]
\openout4 = `sample.vrb'.

 (./sample.vrb)

[61

]

[62

]
\openout4 = `sample.vrb'.

 (./sample.vrb)

[63

]
\openout4 = `sample.vrb'.

 (./sample.vrb)

[64

]
\openout4 = `sample.vrb'.

 (./sample.vrb)

[65

]
\openout4 = `sample.vrb'.

 (./sample.vrb)
Overfull \vbox (108.95683pt too high) detected at line 389
 []



[66

]
\openout4 = `sample.vrb'.

 (./sample.vrb)
Overfull \vbox (10.56541pt too high) detected at line 416
 []



[67

]
Overfull \vbox (13.2662pt too high) detected at line 439
 []



[68

]
\openout4 = `sample.vrb'.

 (./sample.vrb
Overfull \hbox (19.70761pt too wide) in paragraph at lines 22--22
[]    \OT1/cmtt/m/n/10.95 a.fazer_som()   # polimorfismo: cada objeto responde de forma diferente[] 
 []

)
Overfull \vbox (110.47588pt too high) detected at line 474
 []



[69

]
\openout4 = `sample.vrb'.

 (./sample.vrb)
Overfull \vbox (1.16803pt too high) detected at line 501
 []



[70

]) (./slides-por-aula/Semana4-MetodosMagicos.tex

Package hyperref Warning: Option `pdfauthor' has already been used,
(hyperref)                setting the option has no effect on input line 3.



[71

]

[72

]
\openout4 = `sample.vrb'.

 (./sample.vrb)
Overfull \vbox (5.54457pt too high) detected at line 68
 []



[73

]

[74

]
\openout4 = `sample.vrb'.

 (./sample.vrb)

[75

]
\openout4 = `sample.vrb'.

 (./sample.vrb)

[76

]
Overfull \vbox (6.93274pt too high) detected at line 176
 []



[77

]
\openout4 = `sample.vrb'.

 (./sample.vrb)

[78

]) (./slides-por-aula/Semana5-ClasseAbstrata.tex

Package hyperref Warning: Option `pdfauthor' has already been used,
(hyperref)                setting the option has no effect on input line 3.



[79

]

[80

]

[81

]

[82

]

[83

]

[84

]
\openout4 = `sample.vrb'.

 (./sample.vrb)

[85

]
\openout4 = `sample.vrb'.

 (./sample.vrb)

[86

]
\openout4 = `sample.vrb'.

 (./sample.vrb
Overfull \hbox (7.25688pt too wide) in paragraph at lines 22--22
[]        \OT1/cmtt/m/n/10 return 3.14159 * self.raio ** 2[] 
 []


Overfull \hbox (2.00693pt too wide) in paragraph at lines 22--22
[]        \OT1/cmtt/m/n/10 return 2 * 3.14159 * self.raio[] 
 []

)

[87

]

[88

]

[89

]

[90

]
<Images/classe-abstrata-erro.png, id=1942, 720.44156pt x 328.97906pt>
File: Images/classe-abstrata-erro.png Graphic file (type png)
<use Images/classe-abstrata-erro.png>
Package pdftex.def Info: Images/classe-abstrata-erro.png  used on input line 240.
(pdftex.def)             Requested size: 411.44397pt x 187.87642pt.


[91

 <./Images/classe-abstrata-erro.png>]
\openout4 = `sample.vrb'.

 (./sample.vrb)

[92

]

[93

]
\openout4 = `sample.vrb'.

 (./sample.vrb)

[94

]
<Images/classe-abstrata-animal.png, id=1989, 495.35063pt x 310.15875pt>
File: Images/classe-abstrata-animal.png Graphic file (type png)
<use Images/classe-abstrata-animal.png>
Package pdftex.def Info: Images/classe-abstrata-animal.png  used on input line 302.
(pdftex.def)             Requested size: 205.72198pt x 128.80814pt.

pdfTeX warning (ext4): destination with the same identifier (name{fig:placeholder}) has been already used, duplicate ignored
<to be read again> 
                   \relax 
l.302 \end{frame}
                 

[95

 <./Images/classe-abstrata-animal.png>]
\openout4 = `sample.vrb'.

 (./sample.vrb)

[96

]
\openout4 = `sample.vrb'.

 (./sample.vrb)

[97

]) (./slides-por-aula/Semana6-HerancaMultipla.tex

Package hyperref Warning: Option `pdfauthor' has already been used,
(hyperref)                setting the option has no effect on input line 3.



[98

]

[99

]

[100

]
<Images/heranca-multipla.png, id=2064, 688.07062pt x 308.65312pt>
File: Images/heranca-multipla.png Graphic file (type png)
<use Images/heranca-multipla.png>
Package pdftex.def Info: Images/heranca-multipla.png  used on input line 68.
(pdftex.def)             Requested size: 329.15642pt x 147.65259pt.


[101

 <./Images/heranca-multipla.png>]

[102

]
\openout4 = `sample.vrb'.

 (./sample.vrb
<Images/tratamento-processo-qualidade.png, id=2076, 688.07062pt x 392.21532pt>
File: Images/tratamento-processo-qualidade.png Graphic file (type png)
<use Images/tratamento-processo-qualidade.png>
Package pdftex.def Info: Images/tratamento-processo-qualidade.png  used on input line 4.
(pdftex.def)             Requested size: 370.29706pt x 211.07495pt.
)
Overfull \vbox (6.80956pt too high) detected at line 105
 []



[103

 <./Images/tratamento-processo-qualidade.png>]

[104

]

[105

]
\openout4 = `sample.vrb'.

 (./sample.vrb)
Overfull \vbox (0.95683pt too high) detected at line 162
 []



[106

]
<Images/mro-saida-2.png, id=2111, 1166.10657pt x 151.3153pt>
File: Images/mro-saida-2.png Graphic file (type png)
<use Images/mro-saida-2.png>
Package pdftex.def Info: Images/mro-saida-2.png  used on input line 184.
(pdftex.def)             Requested size: 370.29706pt x 48.05014pt.


[107

 <./Images/mro-saida-2.png>]
\openout4 = `sample.vrb'.

 (./sample.vrb)
Overfull \vbox (14.7346pt too high) detected at line 209
 []



[108

]

[109

]
\openout4 = `sample.vrb'.

 (./sample.vrb)

[110

]) (./slides-por-aula/Tratamento-de-Exceções.tex

Package hyperref Warning: Option `pdfauthor' has already been used,
(hyperref)                setting the option has no effect on input line 7.



[111

]

[112

]

[113

]
\openout4 = `sample.vrb'.

 (./sample.vrb)

[114

]
\openout4 = `sample.vrb'.

 (./sample.vrb)
Overfull \vbox (11.23546pt too high) detected at line 131
 []



[115

]

[116

]

[117

]
<Images/python-division-error.png, id=2313, 575.14874pt x 161.10187pt>
File: Images/python-division-error.png Graphic file (type png)
<use Images/python-division-error.png>
Package pdftex.def Info: Images/python-division-error.png  used on input line 226.
(pdftex.def)             Requested size: 205.72198pt x 57.62297pt.


[118

 <./Images/python-division-error.png>]
\openout4 = `sample.vrb'.

 (./sample.vrb
Overfull \hbox (3.71274pt too wide) in paragraph at lines 30--30
[]    \OT1/cmtt/m/n/10.95 print("Erro: Divis~ao por zero")[] 
 []


Overfull \hbox (3.71274pt too wide) in paragraph at lines 30--30
[]    \OT1/cmtt/m/n/10.95 c = float('inf') # Valor padr~ao[] 
 []

)

[119

]

[120

]
\openout4 = `sample.vrb'.

 (./sample.vrb)

[121

]
\openout4 = `sample.vrb'.

 (./sample.vrb)

[122

]
\openout4 = `sample.vrb'.

 (./sample.vrb)

[123

]
\openout4 = `sample.vrb'.

 (./sample.vrb)

[124

]
\openout4 = `sample.vrb'.

 (./sample.vrb)

[125

]
\openout4 = `sample.vrb'.

 (./sample.vrb)

[126

]
\openout4 = `sample.vrb'.

 (./sample.vrb)

[127

]
\openout4 = `sample.vrb'.

 (./sample.vrb)

[128

]

[129

]
\openout4 = `sample.vrb'.

 (./sample.vrb)

[130

]
\openout4 = `sample.vrb'.

 (./sample.vrb)

[131

]
<Images/python_exception_hierarchy.png, id=2615, 557.08125pt x 290.58563pt>
File: Images/python_exception_hierarchy.png Graphic file (type png)
<use Images/python_exception_hierarchy.png>
Package pdftex.def Info: Images/python_exception_hierarchy.png  used on input line 538.
(pdftex.def)             Requested size: 329.15642pt x 171.69676pt.

Overfull \vbox (4.62804pt too high) detected at line 538
 []



[132

 <./Images/python_exception_hierarchy.png>]
\openout4 = `sample.vrb'.

 (./sample.vrb)

[133

]
\openout4 = `sample.vrb'.

 (./sample.vrb)
Overfull \vbox (4.72629pt too high) detected at line 577
 []



[134

]
\openout4 = `sample.vrb'.

 (./sample.vrb)

[135

]
\openout4 = `sample.vrb'.

 (./sample.vrb)

[136

]
\openout4 = `sample.vrb'.

 (./sample.vrb)

[137

]
\openout4 = `sample.vrb'.

 (./sample.vrb)

[138

]
\openout4 = `sample.vrb'.

 (./sample.vrb)

[139

]
\openout4 = `sample.vrb'.

 (./sample.vrb)

[140

]
\openout4 = `sample.vrb'.

 (./sample.vrb)

[141

]
\openout4 = `sample.vrb'.

 (./sample.vrb)
Overfull \vbox (34.7346pt too high) detected at line 754
 []



[142

]

[143

]) (./slides-por-aula/Persistência-de-Dados.tex

Package hyperref Warning: Option `pdfauthor' has already been used,
(hyperref)                setting the option has no effect on input line 7.



[144

]

[145

]

[146

]

[147

]
\openout4 = `sample.vrb'.

 (./sample.vrb)

[148

]

[149

]
<Images/diagrama-modos-leitura.png, id=2995, 657.45625pt x 252.945pt>
File: Images/diagrama-modos-leitura.png Graphic file (type png)
<use Images/diagrama-modos-leitura.png>
Package pdftex.def Info: Images/diagrama-modos-leitura.png  used on input line 180.
(pdftex.def)             Requested size: 329.15642pt x 126.63815pt.


[150

 <./Images/diagrama-modos-leitura.png>]
\openout4 = `sample.vrb'.

 (./sample.vrb)

[151

]
\openout4 = `sample.vrb'.

 (./sample.vrb)

[152

]
\openout4 = `sample.vrb'.

 (./sample.vrb)

[153

]
\openout4 = `sample.vrb'.

 (./sample.vrb)

[154

]
\openout4 = `sample.vrb'.

 (./sample.vrb
LaTeX Font Info:    Trying to load font information for OMS+cmss on input line 11.
LaTeX Font Info:    No file OMScmss.fd. on input line 11.


LaTeX Font Warning: Font shape `OMS/cmss/m/n' undefined
(Font)              using `OMS/cmsy/m/n' instead
(Font)              for symbol `textbackslash' on input line 11.

)

[155

]
\openout4 = `sample.vrb'.

 (./sample.vrb)

[156

]
\openout4 = `sample.vrb'.

 (./sample.vrb)

[157

]
\openout4 = `sample.vrb'.

 (./sample.vrb)

[158

]
\openout4 = `sample.vrb'.

 (./sample.vrb)

[159

]
\openout4 = `sample.vrb'.

 (./sample.vrb)

[160

]
\openout4 = `sample.vrb'.

 (./sample.vrb)

[161

]
\openout4 = `sample.vrb'.

 (./sample.vrb)

[162

]
\openout4 = `sample.vrb'.

 (./sample.vrb)

[163

]
\openout4 = `sample.vrb'.

 (./sample.vrb)

[164

]
\openout4 = `sample.vrb'.

 (./sample.vrb)

[165

]
\openout4 = `sample.vrb'.

 (./sample.vrb)

[166

]) (./slides-por-aula/Biblioteca-Numpy.tex

Package hyperref Warning: Option `pdfauthor' has already been used,
(hyperref)                setting the option has no effect on input line 7.



[167

]

[168

]
\openout4 = `sample.vrb'.

 (./sample.vrb)

[169

]
\openout4 = `sample.vrb'.

 (./sample.vrb)

[170

]
\openout4 = `sample.vrb'.

 (./sample.vrb
Overfull \hbox (1.23077pt too wide) in paragraph at lines 24--24
[]\OT1/cmtt/m/n/10.95 print(arr.dtype)  # dtype('float64')[] 
 []

)
Overfull \vbox (3.97868pt too high) detected at line 166
 []



[171

]
\openout4 = `sample.vrb'.

 (./sample.vrb)

[172

]

[173

]
\openout4 = `sample.vrb'.

 (./sample.vrb)

[174

]
\openout4 = `sample.vrb'.

 (./sample.vrb)

[175

]
\openout4 = `sample.vrb'.

 (./sample.vrb)

[176

]
\openout4 = `sample.vrb'.

 (./sample.vrb)

[177

]
\openout4 = `sample.vrb'.

 (./sample.vrb)

[178

]
\openout4 = `sample.vrb'.

 (./sample.vrb)

[179

]
\openout4 = `sample.vrb'.

 (./sample.vrb)

[180

]
\openout4 = `sample.vrb'.

 (./sample.vrb)

[181

]
\openout4 = `sample.vrb'.

 (./sample.vrb)

[182

]

[183

]
\openout4 = `sample.vrb'.

 (./sample.vrb)
Overfull \vbox (8.48541pt too high) detected at line 482
 []



[184

]
\openout4 = `sample.vrb'.

 (./sample.vrb)

[185

]
\openout4 = `sample.vrb'.

 (./sample.vrb)

[186

]
\openout4 = `sample.vrb'.

 (./sample.vrb)
Overfull \vbox (6.9646pt too high) detected at line 540
 []



[187

]
\openout4 = `sample.vrb'.

 (./sample.vrb)

[188

]
\openout4 = `sample.vrb'.

 (./sample.vrb
Overfull \hbox (7.22932pt too wide) in paragraph at lines 19--45
 [][] 
 []

)

[189

]
\openout4 = `sample.vrb'.

 (./sample.vrb)

[190

]
\openout4 = `sample.vrb'.

 (./sample.vrb)
Overfull \vbox (8.25128pt too high) detected at line 715
 []



[191

]
\openout4 = `sample.vrb'.

 (./sample.vrb)
Overfull \vbox (7.4346pt too high) detected at line 764
 []



[192

]
\openout4 = `sample.vrb'.

 (./sample.vrb)

[193

]
\openout4 = `sample.vrb'.

 (./sample.vrb)
Overfull \vbox (1.45787pt too high) detected at line 821
 []



[194

]
\openout4 = `sample.vrb'.

 (./sample.vrb)

[195

]

[196

]
\openout4 = `sample.vrb'.

 (./sample.vrb)

[197

]
\openout4 = `sample.vrb'.

 (./sample.vrb)
Overfull \vbox (0.81703pt too high) detected at line 976
 []



[198

]

[199

]

[200

]
\openout4 = `sample.vrb'.

 (./sample.vrb)
Overfull \vbox (14.76804pt too high) detected at line 1031
 []



[201

]) (./slides-por-aula/Biblioteca-Matplotlib.tex

Package hyperref Warning: Option `pdfauthor' has already been used,
(hyperref)                setting the option has no effect on input line 7.



[202

]

[203

]

[204

]

[205

]
\openout4 = `sample.vrb'.

 (./sample.vrb)

[206

]

[207

]
\openout4 = `sample.vrb'.

 (./sample.vrb)

[208

]
\openout4 = `sample.vrb'.

 (./sample.vrb)

[209

]
\openout4 = `sample.vrb'.

 (./sample.vrb)

[210

]
\openout4 = `sample.vrb'.

 (./sample.vrb)

[211

]
\openout4 = `sample.vrb'.

 (./sample.vrb)

[212

]

[213

]
\openout4 = `sample.vrb'.

 (./sample.vrb)

[214

]
\openout4 = `sample.vrb'.

 (./sample.vrb)

[215

]
\openout4 = `sample.vrb'.

 (./sample.vrb)

[216

]
\openout4 = `sample.vrb'.

 (./sample.vrb)

[217

]
\openout4 = `sample.vrb'.

 (./sample.vrb)

[218

]
\openout4 = `sample.vrb'.

 (./sample.vrb)

[219

]

[220

]
\openout4 = `sample.vrb'.

 (./sample.vrb)
Overfull \vbox (8.48547pt too high) detected at line 403
 []



[221

]
\openout4 = `sample.vrb'.

 (./sample.vrb)
Overfull \vbox (8.48547pt too high) detected at line 427
 []



[222

]
\openout4 = `sample.vrb'.

 (./sample.vrb)
Overfull \vbox (9.70213pt too high) detected at line 450
 []



[223

]
\openout4 = `sample.vrb'.

 (./sample.vrb)
Overfull \vbox (9.70213pt too high) detected at line 475
 []



[224

]

[225

]
\openout4 = `sample.vrb'.

 (./sample.vrb)
Overfull \vbox (9.1318pt too high) detected at line 516
 []



[226

]
\openout4 = `sample.vrb'.

 (./sample.vrb)

[227

]
\openout4 = `sample.vrb'.

 (./sample.vrb)
Overfull \vbox (9.0938pt too high) detected at line 559
 []



[228

]
\openout4 = `sample.vrb'.

 (./sample.vrb)

[229

]

[230

]
\openout4 = `sample.vrb'.

 (./sample.vrb)

[231

]
\openout4 = `sample.vrb'.

 (./sample.vrb)

[232

]

[233

])
\tf@nav=\write6
\openout6 = `sample.nav'.

\tf@toc=\write7
\openout7 = `sample.toc'.

\tf@snm=\write8
\openout8 = `sample.snm'.

 (./sample.aux)
 ***********
LaTeX2e <2024-11-01> patch level 2
L3 programming layer <2025-01-18>
 ***********


LaTeX Font Warning: Some font shapes were not available, defaults substituted.


LaTeX Warning: There were multiply-defined labels.

Package rerunfilecheck Info: File `sample.out' has not changed.
(rerunfilecheck)             Checksum: B93DB72DF10C4977EF30CA4FAED6B37B;1507.
 ) 
Here is how much of TeX's memory you used:
 30417 strings out of 475151
 645039 string characters out of 5766386
 1075491 words of memory out of 5000000
 52019 multiletter control sequences out of 15000+600000
 577527 words of font info for 104 fonts, out of 8000000 for 9000
 16 hyphenation exceptions out of 8191
 128i,15n,123p,512b,1084s stack positions out of 10000i,1000n,20000p,200000b,200000s
</usr/share/texmf-dist/fonts/type1/public/amsfonts/cm/cmex10.pfb></usr/share/texmf-dist/fonts/type1/public/amsfonts/cm/cmmi10.pfb></usr/share/texmf-dist/fonts/type1/public/amsfonts/cm/cmmi12.pfb></usr/share/texmf-dist/fonts/type1/public/amsfonts/cm/cmss10.pfb></usr/share/texmf-dist/fonts/type1/public/amsfonts/cm/cmss12.pfb></usr/share/texmf-dist/fonts/type1/public/amsfonts/cm/cmss17.pfb></usr/share/texmf-dist/fonts/type1/public/amsfonts/cm/cmss8.pfb></usr/share/texmf-dist/fonts/type1/public/amsfonts/cm/cmss9.pfb></usr/share/texmf-dist/fonts/type1/public/amsfonts/cm/cmssbx10.pfb></usr/share/texmf-dist/fonts/type1/public/amsfonts/cm/cmssi10.pfb></usr/share/texmf-dist/fonts/type1/public/amsfonts/cm/cmssi8.pfb></usr/share/texmf-dist/fonts/type1/public/amsfonts/cm/cmsy10.pfb></usr/share/texmf-dist/fonts/type1/public/amsfonts/cm/cmsy9.pfb></usr/share/texmf-dist/fonts/type1/public/amsfonts/cm/cmtt10.pfb></usr/share/texmf-dist/fonts/type1/public/amsfonts/cm/cmtt12.pfb></usr/share/texmf-dist/fonts/type1/public/amsfonts/cm/cmtt8.pfb></usr/share/texmf-dist/fonts/type1/public/amsfonts/cm/cmtt9.pfb></usr/share/texmf-dist/fonts/type1/public/cm-super/sfss1000.pfb></usr/share/texmf-dist/fonts/type1/public/cm-super/sfss1095.pfb></usr/share/texmf-dist/fonts/type1/public/cm-super/sfss1200.pfb></usr/share/texmf-dist/fonts/type1/public/cm-super/sftt1095.pfb>
Output written on sample.pdf (233 pages, 1301019 bytes).
PDF statistics:
 4875 PDF objects out of 5155 (max. 8388607)
 2834 compressed objects within 29 object streams
 479 named destinations out of 1000 (max. 500000)
 10443 words of extra memory for PDF output out of 12000 (max. 10000000)

